<?xml version="1.0" encoding="UTF-8"?>
<testsuite name="test.ProtocolTest" tests="2" skipped="0" failures="0" errors="0" timestamp="2019-11-05T08:58:11" hostname="DESKTOP-8F8G776" time="0.029">
  <properties/>
  <testcase name="testRequestMethod" classname="test.ProtocolTest" time="0.027"/>
  <testcase name="testRequestResource" classname="test.ProtocolTest" time="0.001"/>
  <system-out><![CDATA[]]></system-out>
  <system-err><![CDATA[]]></system-err>
</testsuite>
